<?xml version="1.0" encoding="UTF-8"?>
<testng-results ignored="0" total="0" passed="0" failed="0" skipped="0">
  <reporter-output>
  </reporter-output>
  <suite started-at="2022-04-06T09:58:19 CEST" name="Command line suite" finished-at="2022-04-06T09:58:19 CEST" duration-ms="21">
    <groups>
    </groups>
    <test started-at="2022-04-06T09:58:19 CEST" name="Command line test" finished-at="2022-04-06T09:58:19 CEST" duration-ms="21">
    </test> <!-- Command line test -->
  </suite> <!-- Command line suite -->
</testng-results>
